This is e-pTeX, Version 3.14159265-p3.7-160201-2.6 (utf8.euc) (TeX Live 2016) (preloaded format=platex 2017.1.19)  17 FEB 2018 17:38
entering extended mode
 restricted \write18 enabled.
 %&-line parsing enabled.
**resume01.tex
(./resume01.tex
pLaTeX2e <2016/05/07> (based on LaTeX2e <2016/03/31>)
Babel <3.9r> and hyphenation patterns for 83 language(s) loaded.
(/usr/local/texlive/2016/texmf-dist/tex/platex/base/jarticle.cls
Document Class: jarticle 2006/06/27 v1.6 Standard pLaTeX class
\c@@paper=\count81
(/usr/local/texlive/2016/texmf-dist/tex/platex/base/jsize11.clo
File: jsize11.clo 2006/06/27 v1.6 Standard pLaTeX file (size option)
)
\c@part=\count82
\c@section=\count83
\c@subsection=\count84
\c@subsubsection=\count85
\c@paragraph=\count86
\c@subparagraph=\count87
\c@figure=\count88
\c@table=\count89
\abovecaptionskip=\skip41
\belowcaptionskip=\skip42
\symmincho=\mathgroup4
LaTeX Font Info:    Overwriting symbol font `mincho' in version `bold'
(Font)                  JY1/mc/m/n --> JY1/gt/m/n on input line 593.
\toclineskip=\dimen118
\@lnumwidth=\dimen119
\bibindent=\dimen120
\heisei=\count90
)
(/usr/local/texlive/2016/texmf-dist/tex/latex/graphics/graphicx.sty
Package: graphicx 2014/10/28 v1.0g Enhanced LaTeX Graphics (DPC,SPQR)

(/usr/local/texlive/2016/texmf-dist/tex/latex/graphics/keyval.sty
Package: keyval 2014/10/28 v1.15 key=value parser (DPC)
\KV@toks@=\toks15
)
(/usr/local/texlive/2016/texmf-dist/tex/latex/graphics/graphics.sty
Package: graphics 2016/05/09 v1.0r Standard LaTeX Graphics (DPC,SPQR)

(/usr/local/texlive/2016/texmf-dist/tex/latex/graphics/trig.sty
Package: trig 2016/01/03 v1.10 sin cos tan (DPC)
)
(/usr/local/texlive/2016/texmf-dist/tex/latex/graphics-cfg/graphics.cfg
File: graphics.cfg 2016/01/02 v1.10 sample graphics configuration
)
Package graphics Info: Driver file: dvipdfmx.def on input line 96.

(/usr/local/texlive/2016/texmf-dist/tex/latex/dvipdfmx-def/dvipdfmx.def
File: dvipdfmx.def 2016/04/06 v4.08 LaTeX color/graphics driver for dvipdfmx (T
eX Live/ChoF)

(/usr/local/texlive/2016/texmf-dist/tex/generic/oberdiek/infwarerr.sty
Package: infwarerr 2016/05/16 v1.4 Providing info/warning/error messages (HO)
)
(/usr/local/texlive/2016/texmf-dist/tex/generic/oberdiek/ltxcmds.sty
Package: ltxcmds 2016/05/16 v1.23 LaTeX kernel commands for general use (HO)
)))
\Gin@req@height=\dimen121
\Gin@req@width=\dimen122
)
(/usr/local/texlive/2016/texmf-dist/tex/latex/url/url.sty
\Urlmuskip=\muskip10
Package: url 2013/09/16  ver 3.4  Verb mode for urls, etc.
)
(/usr/local/texlive/2016/texmf-dist/tex/latex/fancyhdr/fancyhdr.sty
\fancy@headwidth=\skip43
\f@ncyO@elh=\skip44
\f@ncyO@erh=\skip45
\f@ncyO@olh=\skip46
\f@ncyO@orh=\skip47
\f@ncyO@elf=\skip48
\f@ncyO@erf=\skip49
\f@ncyO@olf=\skip50
\f@ncyO@orf=\skip51
)
(/usr/local/texlive/2016/texmf-dist/tex/platex/base/ascmac.sty
Package: ascmac 2016/04/15 v2.0b ascmac wrapper (community edition) 

(/usr/local/texlive/2016/texmf-dist/tex/platex/base/tascmac.sty
Package: tascmac 2016/04/15 v2.0b ascmac package (community edition) 
\@savetbaselineshift=\dimen123
\@saveybaselineshift=\dimen124
\scb@x=\box41
\scscb@x=\box42
\@bw=\dimen125
\@nbox=\box43
\@nbody=\box44
\@scw=\dimen126
\@itemh=\dimen127
\@iboxpos=\toks16
\@iboxstr=\box45
\@bwsp=\box46
\@@bwsp=\box47
\@bcal=\count91
\shaderule=\dimen128
))
(/usr/local/texlive/2016/texmf-dist/tex/latex/listings/listings.sty
\lst@mode=\count92
\lst@gtempboxa=\box48
\lst@token=\toks17
\lst@length=\count93
\lst@currlwidth=\dimen129
\lst@column=\count94
\lst@pos=\count95
\lst@lostspace=\dimen130
\lst@width=\dimen131
\lst@newlines=\count96
\lst@lineno=\count97
\lst@maxwidth=\dimen132

(/usr/local/texlive/2016/texmf-dist/tex/latex/listings/lstmisc.sty
File: lstmisc.sty 2015/06/04 1.6 (Carsten Heinz)
\c@lstnumber=\count98
\lst@skipnumbers=\count99
\lst@framebox=\box49
)
(/usr/local/texlive/2016/texmf-dist/tex/latex/listings/listings.cfg
File: listings.cfg 2015/06/04 1.6 listings configuration
))
Package: listings 2015/06/04 1.6 (Carsten Heinz)

(./jlisting.sty
Package: jlisting 2006/02/20 0.2 (Thor)
\lst@nextchar=\count100
\lst@inputfile=\read1
)
(/usr/local/texlive/2016/texmf-dist/tex/latex/graphics/color.sty
Package: color 2016/05/09 v1.1c Standard LaTeX Color (DPC)

(/usr/local/texlive/2016/texmf-dist/tex/latex/graphics-cfg/color.cfg
File: color.cfg 2016/01/02 v1.6 sample color configuration
)
Package color Info: Driver file: dvips.def on input line 144.

(/usr/local/texlive/2016/texmf-dist/tex/latex/graphics/dvips.def
File: dvips.def 2015/12/30 v3.0k Driver-dependent file (DPC,SPQR)
)
(/usr/local/texlive/2016/texmf-dist/tex/latex/graphics/dvipsnam.def
File: dvipsnam.def 2015/12/30 v3.0k Driver-dependent file (DPC,SPQR)
))
(/usr/local/texlive/2016/texmf-dist/tex/latex/listings/lstlang1.sty
File: lstlang1.sty 2015/06/04 1.6 listings language file
)
(./colortbl.sty
Package: colortbl 2012/02/13 v1.0a Color table columns (DPC)
 (/usr/local/texlive/2016/texmf-dist/tex/latex/tools/array.sty
Package: array 2014/10/28 v2.4c Tabular extension package (FMi)
\col@sep=\dimen133
\extrarowheight=\dimen134
\NC@list=\toks18
\extratabsurround=\skip52
\backup@length=\skip53
)
\everycr=\toks19
\minrowclearance=\skip54
) (/usr/local/texlive/2016/texmf-dist/tex/latex/multirow/multirow.sty
\bigstrutjot=\dimen135
)
(./resume01.aux)
\openout1 = `resume01.aux'.

LaTeX Font Info:    Checking defaults for OML/cmm/m/it on input line 75.
LaTeX Font Info:    ... okay on input line 75.
LaTeX Font Info:    Checking defaults for T1/cmr/m/n on input line 75.
LaTeX Font Info:    ... okay on input line 75.
LaTeX Font Info:    Checking defaults for OT1/cmr/m/n on input line 75.
LaTeX Font Info:    ... okay on input line 75.
LaTeX Font Info:    Checking defaults for OMS/cmsy/m/n on input line 75.
LaTeX Font Info:    ... okay on input line 75.
LaTeX Font Info:    Checking defaults for OMX/cmex/m/n on input line 75.
LaTeX Font Info:    ... okay on input line 75.
LaTeX Font Info:    Checking defaults for U/cmr/m/n on input line 75.
LaTeX Font Info:    ... okay on input line 75.
LaTeX Font Info:    Checking defaults for JY1/mc/m/n on input line 75.
LaTeX Font Info:    ... okay on input line 75.
LaTeX Font Info:    Checking defaults for JT1/mc/m/n on input line 75.
LaTeX Font Info:    ... okay on input line 75.
\c@lstlisting=\count101
LaTeX Font Info:    Font shape `JT1/mc/bx/n' in size <14.4> not available
(Font)              Font shape `JT1/gt/m/n' tried instead on input line 78.
LaTeX Font Info:    Font shape `JY1/mc/bx/n' in size <14.4> not available
(Font)              Font shape `JY1/gt/m/n' tried instead on input line 78.
LaTeX Font Info:    Font shape `JT1/mc/bx/n' in size <17.28> not available
(Font)              Font shape `JT1/gt/m/n' tried instead on input line 78.
LaTeX Font Info:    Font shape `JY1/mc/bx/n' in size <17.28> not available
(Font)              Font shape `JY1/gt/m/n' tried instead on input line 78.
LaTeX Font Info:    Try loading font information for OMS+cmr on input line 85.
 (/usr/local/texlive/2016/texmf-dist/tex/latex/base/omscmr.fd
File: omscmr.fd 2014/09/29 v2.5h Standard LaTeX font definitions
)
LaTeX Font Info:    Font shape `OMS/cmr/m/n' in size <10.95> not available
(Font)              Font shape `OMS/cmsy/m/n' tried instead on input line 85.
LaTeX Font Info:    Font shape `JT1/mc/bx/n' in size <12> not available
(Font)              Font shape `JT1/gt/m/n' tried instead on input line 92.
LaTeX Font Info:    Font shape `JY1/mc/bx/n' in size <12> not available
(Font)              Font shape `JY1/gt/m/n' tried instead on input line 92.
LaTeX Font Info:    Font shape `JT1/mc/bx/n' in size <10.95> not available
(Font)              Font shape `JT1/gt/m/n' tried instead on input line 97.
LaTeX Font Info:    Font shape `JY1/mc/bx/n' in size <10.95> not available
(Font)              Font shape `JY1/gt/m/n' tried instead on input line 97.
File: ./img/eps/arduino.eps Graphic file (type eps)

<./img/eps/arduino.eps>
LaTeX Font Info:    External font `cmex10' loaded for size
(Font)              <10.95> on input line 107.
LaTeX Font Info:    External font `cmex10' loaded for size
(Font)              <8> on input line 107.
LaTeX Font Info:    External font `cmex10' loaded for size
(Font)              <6> on input line 107.
File: ./img/eps/breadboard.eps Graphic file (type eps)
 <./img/eps/breadboard.eps>
Overfull \hbox (2.43332pt too wide) in paragraph at lines 103--113
[][]$[]$[] []$[]$[] 
 []

File: ./img/eps/jumpwire.eps Graphic file (type eps)
<./img/eps/jumpwire.eps>
File: ./img/eps/parts.eps Graphic file (type eps)
 <./img/eps/parts.eps>
Overfull \hbox (2.43332pt too wide) in paragraph at lines 116--126
[][]$[]$[] []$[]$[] 
 []


Package Fancyhdr Warning: \headheight is too small (8.5359pt): 
 Make it at least 15.49998pt.
 We now make it that large for the rest of the document.
 This may cause the page layout to be inconsistent, however.

[1

] [2]
File: ./img/eps/method_for_calculating_resistance_value.eps Graphic file (type 
eps)
 <./img/eps/method_for_calculating_resistance_value.eps>
File: ./img/eps/resistance.eps Graphic file (type eps)

<./img/eps/resistance.eps> [3] [4]
File: ./img/eps/tact_switch.eps Graphic file (type eps)
 <./img/eps/tact_switch.eps>
File: ./img/eps/LED.eps Graphic file (type eps)

<./img/eps/LED.eps> [5]
File: ./img/eps/mechanism_of_the_breadboard.eps Graphic file (type eps)
 <./img/eps/mechanism_of_the_breadboard.eps>
\c@nombre=\count102
File: ./img/eps/circuit01.eps Graphic file (type eps)

<./img/eps/circuit01.eps>
File: ./img/eps/sample_circuit.eps Graphic file (type eps)
 <./img/eps/sample_circuit.eps>
Overfull \hbox (1.89618pt too wide) in paragraph at lines 349--350
 [][] 
 []


Overfull \hbox (2.43332pt too wide) in paragraph at lines 341--352
[][]$[]$[] []$[]$[] 
 []

LaTeX Font Info:    External font `cmex10' loaded for size
(Font)              <9> on input line 355.
LaTeX Font Info:    External font `cmex10' loaded for size
(Font)              <5> on input line 355.
[6]
File: ./img/eps/processing_ide.eps Graphic file (type eps)
 <./img/eps/processing_ide.eps>
File: ./img/eps/image_of_rect_function.eps Graphic file (type eps)
 <./img/eps/image_of_rect_function.eps>
File: ./img/eps/Processing_img1-1.eps Graphic file (type eps)

<./img/eps/Processing_img1-1.eps>
File: ./img/eps/example_of_rect_function.eps Graphic file (type eps)
 <./img/eps/example_of_rect_function.eps>
File: ./img/eps/Processing_img1-6.eps Graphic file (type eps)

<./img/eps/Processing_img1-6.eps>
File: ./img/eps/Processing_img1-8.eps Graphic file (type eps)
 <./img/eps/Processing_img1-8.eps>
Overfull \hbox (2.43332pt too wide) in paragraph at lines 401--411
[][]$[]$[] []$[]$[] 
 []

File: ./img/eps/Processing_img1-4.eps Graphic file (type eps)
<./img/eps/Processing_img1-4.eps>
File: ./img/eps/Processing_img1-5.eps Graphic file (type eps)
 <./img/eps/Processing_img1-5.eps>
File: ./img/eps/Processing_img1-7.eps Graphic file (type eps)

<./img/eps/Processing_img1-7.eps> [7] [8] [9] (./resume01.aux) ) 
Here is how much of TeX's memory you used:
 2816 strings out of 493693
 39420 string characters out of 6149787
 194539 words of memory out of 5000000
 6334 multiletter control sequences out of 15000+600000
 17123 words of font info for 68 fonts, out of 8000000 for 9000
 929 hyphenation exceptions out of 8191
 34i,12n,43p,561b,1078s stack positions out of 5000i,500n,10000p,200000b,80000s

Output written on resume01.dvi (9 pages, 49468 bytes).
